<?xml version="1.0" encoding="UTF-8"?>
<testng-results ignored="0" total="1" passed="1" failed="0" skipped="0">
  <reporter-output>
  </reporter-output>
  <suite started-at="2024-10-11T12:34:04 EDT" name="Default suite" finished-at="2024-10-11T12:34:11 EDT" duration-ms="6845">
    <groups>
    </groups>
    <test started-at="2024-10-11T12:34:04 EDT" name="Default test" finished-at="2024-10-11T12:34:11 EDT" duration-ms="6845">
      <class name="QAlity.ExtentReport.ExtentReportDemo">
        <test-method is-config="true" signature="config()[pri:0, instance:QAlity.ExtentReport.ExtentReportDemo@593aaf41]" started-at="2024-10-11T12:34:04 EDT" name="config" finished-at="2024-10-11T12:34:04 EDT" duration-ms="147" status="PASS">
          <reporter-output>
          </reporter-output>
        </test-method> <!-- config -->
        <test-method signature="initialDemo()[pri:0, instance:QAlity.ExtentReport.ExtentReportDemo@593aaf41]" started-at="2024-10-11T12:34:04 EDT" name="initialDemo" finished-at="2024-10-11T12:34:11 EDT" duration-ms="6690" status="PASS">
          <reporter-output>
          </reporter-output>
        </test-method> <!-- initialDemo -->
      </class> <!-- QAlity.ExtentReport.ExtentReportDemo -->
    </test> <!-- Default test -->
  </suite> <!-- Default suite -->
</testng-results>
